.
├── ./catch.hpp
├── ./clang
│   ├── ./clang/clang_tidy_report_20250321171427.txt
│   └── ./clang/run_clang_tidy.sh
├── ./custom.patch
├── ./Mini-Student-Management-System
│   ├── ./Mini-Student-Management-System/compile_commands.json
│   ├── ./Mini-Student-Management-System/CS162-FinalProject.pdf
│   ├── ./Mini-Student-Management-System/CS162-ProjectPlanner.xlsx
│   ├── ./Mini-Student-Management-System/db
│   │   ├── ./Mini-Student-Management-System/db/attendancelist.csv
│   │   ├── ./Mini-Student-Management-System/db/courselecturer.csv
│   │   ├── ./Mini-Student-Management-System/db/courses.csv
│   │   ├── ./Mini-Student-Management-System/db/coursestudent.csv
│   │   ├── ./Mini-Student-Management-System/db/lecturers.csv
│   │   ├── ./Mini-Student-Management-System/db/scoreboard.csv
│   │   ├── ./Mini-Student-Management-System/db/semestercourse.csv
│   │   ├── ./Mini-Student-Management-System/db/semesters.csv
│   │   ├── ./Mini-Student-Management-System/db/students.csv
│   │   ├── ./Mini-Student-Management-System/db/users.csv
│   │   ├── ./Mini-Student-Management-System/db/years.csv
│   │   └── ./Mini-Student-Management-System/db/yearsemester.csv
│   ├── ./Mini-Student-Management-System/demo
│   │   ├── ./Mini-Student-Management-System/demo/course_add.csv
│   │   ├── ./Mini-Student-Management-System/demo/scoreboard_add.csv
│   │   └── ./Mini-Student-Management-System/demo/students_add.csv
│   ├── ./Mini-Student-Management-System/include
│   │   ├── ./Mini-Student-Management-System/include/attendancelist.h
│   │   ├── ./Mini-Student-Management-System/include/class.h
│   │   ├── ./Mini-Student-Management-System/include/courses.h
│   │   ├── ./Mini-Student-Management-System/include/csv.h
│   │   ├── ./Mini-Student-Management-System/include/csv_import.h
│   │   ├── ./Mini-Student-Management-System/include/date.h
│   │   ├── ./Mini-Student-Management-System/include/interface.h
│   │   ├── ./Mini-Student-Management-System/include/lecturer.h
│   │   └── ./Mini-Student-Management-System/include/scoreboard.h
│   ├── ./Mini-Student-Management-System/LICENSE
│   ├── ./Mini-Student-Management-System/main.cpp
│   ├── ./Mini-Student-Management-System/README.md
│   └── ./Mini-Student-Management-System/src
│       ├── ./Mini-Student-Management-System/src/attendancelist.cpp
│       ├── ./Mini-Student-Management-System/src/class.cpp
│       ├── ./Mini-Student-Management-System/src/courses.cpp
│       ├── ./Mini-Student-Management-System/src/csv_import.cpp
│       ├── ./Mini-Student-Management-System/src/date.cpp
│       ├── ./Mini-Student-Management-System/src/interface.cpp
│       ├── ./Mini-Student-Management-System/src/lecturer.cpp
│       └── ./Mini-Student-Management-System/src/scoreboard.cpp
├── ./ProjectAnalysisReport.pdf
├── ./README.md
├── ./tree.log
├── ./unit_tests
│   ├── ./unit_tests/build
│   │   ├── ./unit_tests/build/test_all
│   │   ├── ./unit_tests/build/test_all-attendancelist.gcda
│   │   ├── ./unit_tests/build/test_all-attendancelist.gcno
│   │   ├── ./unit_tests/build/test_all-class.gcda
│   │   ├── ./unit_tests/build/test_all-class.gcno
│   │   ├── ./unit_tests/build/test_all-courses.gcda
│   │   ├── ./unit_tests/build/test_all-courses.gcno
│   │   ├── ./unit_tests/build/test_all-csv_import.gcda
│   │   ├── ./unit_tests/build/test_all-csv_import.gcno
│   │   ├── ./unit_tests/build/test_all-date.gcda
│   │   ├── ./unit_tests/build/test_all-date.gcno
│   │   ├── ./unit_tests/build/test_all-interface.gcda
│   │   ├── ./unit_tests/build/test_all-interface.gcno
│   │   ├── ./unit_tests/build/test_all-lecturer.gcda
│   │   ├── ./unit_tests/build/test_all-lecturer.gcno
│   │   ├── ./unit_tests/build/test_all-scoreboard.gcda
│   │   ├── ./unit_tests/build/test_all-scoreboard.gcno
│   │   ├── ./unit_tests/build/test_all-test_all.gcda
│   │   └── ./unit_tests/build/test_all-test_all.gcno
│   ├── ./unit_tests/coverage
│   │   ├── ./unit_tests/coverage/amber.png
│   │   ├── ./unit_tests/coverage/cmd_line
│   │   ├── ./unit_tests/coverage/coverage.info
│   │   ├── ./unit_tests/coverage/emerald.png
│   │   ├── ./unit_tests/coverage/filtered_coverage.info
│   │   ├── ./unit_tests/coverage/gcov.css
│   │   ├── ./unit_tests/coverage/glass.png
│   │   ├── ./unit_tests/coverage/index.html
│   │   ├── ./unit_tests/coverage/index-sort-f.html
│   │   ├── ./unit_tests/coverage/index-sort-l.html
│   │   ├── ./unit_tests/coverage/Mini-Student-Management-System
│   │   │   └── ./unit_tests/coverage/Mini-Student-Management-System/src
│   │   │       ├── ./unit_tests/coverage/Mini-Student-Management-System/src/attendancelist.cpp.func-c.html
│   │   │       ├── ./unit_tests/coverage/Mini-Student-Management-System/src/attendancelist.cpp.func.html
│   │   │       ├── ./unit_tests/coverage/Mini-Student-Management-System/src/attendancelist.cpp.gcov.html
│   │   │       ├── ./unit_tests/coverage/Mini-Student-Management-System/src/class.cpp.func-c.html
│   │   │       ├── ./unit_tests/coverage/Mini-Student-Management-System/src/class.cpp.func.html
│   │   │       ├── ./unit_tests/coverage/Mini-Student-Management-System/src/class.cpp.gcov.html
│   │   │       ├── ./unit_tests/coverage/Mini-Student-Management-System/src/courses.cpp.func-c.html
│   │   │       ├── ./unit_tests/coverage/Mini-Student-Management-System/src/courses.cpp.func.html
│   │   │       ├── ./unit_tests/coverage/Mini-Student-Management-System/src/courses.cpp.gcov.html
│   │   │       ├── ./unit_tests/coverage/Mini-Student-Management-System/src/csv_import.cpp.func-c.html
│   │   │       ├── ./unit_tests/coverage/Mini-Student-Management-System/src/csv_import.cpp.func.html
│   │   │       ├── ./unit_tests/coverage/Mini-Student-Management-System/src/csv_import.cpp.gcov.html
│   │   │       ├── ./unit_tests/coverage/Mini-Student-Management-System/src/date.cpp.func-c.html
│   │   │       ├── ./unit_tests/coverage/Mini-Student-Management-System/src/date.cpp.func.html
│   │   │       ├── ./unit_tests/coverage/Mini-Student-Management-System/src/date.cpp.gcov.html
│   │   │       ├── ./unit_tests/coverage/Mini-Student-Management-System/src/index.html
│   │   │       ├── ./unit_tests/coverage/Mini-Student-Management-System/src/index-sort-f.html
│   │   │       ├── ./unit_tests/coverage/Mini-Student-Management-System/src/index-sort-l.html
│   │   │       ├── ./unit_tests/coverage/Mini-Student-Management-System/src/interface.cpp.func-c.html
│   │   │       ├── ./unit_tests/coverage/Mini-Student-Management-System/src/interface.cpp.func.html
│   │   │       ├── ./unit_tests/coverage/Mini-Student-Management-System/src/interface.cpp.gcov.html
│   │   │       ├── ./unit_tests/coverage/Mini-Student-Management-System/src/lecturer.cpp.func-c.html
│   │   │       ├── ./unit_tests/coverage/Mini-Student-Management-System/src/lecturer.cpp.func.html
│   │   │       ├── ./unit_tests/coverage/Mini-Student-Management-System/src/lecturer.cpp.gcov.html
│   │   │       ├── ./unit_tests/coverage/Mini-Student-Management-System/src/scoreboard.cpp.func-c.html
│   │   │       ├── ./unit_tests/coverage/Mini-Student-Management-System/src/scoreboard.cpp.func.html
│   │   │       └── ./unit_tests/coverage/Mini-Student-Management-System/src/scoreboard.cpp.gcov.html
│   │   ├── ./unit_tests/coverage/ruby.png
│   │   ├── ./unit_tests/coverage/snow.png
│   │   ├── ./unit_tests/coverage/unit_tests
│   │   │   └── ./unit_tests/coverage/unit_tests/tests
│   │   │       ├── ./unit_tests/coverage/unit_tests/tests/index.html
│   │   │       ├── ./unit_tests/coverage/unit_tests/tests/index-sort-f.html
│   │   │       ├── ./unit_tests/coverage/unit_tests/tests/index-sort-l.html
│   │   │       ├── ./unit_tests/coverage/unit_tests/tests/test_attendancelist.cpp.func-c.html
│   │   │       ├── ./unit_tests/coverage/unit_tests/tests/test_attendancelist.cpp.func.html
│   │   │       ├── ./unit_tests/coverage/unit_tests/tests/test_attendancelist.cpp.gcov.html
│   │   │       ├── ./unit_tests/coverage/unit_tests/tests/test_class.cpp.func-c.html
│   │   │       ├── ./unit_tests/coverage/unit_tests/tests/test_class.cpp.func.html
│   │   │       ├── ./unit_tests/coverage/unit_tests/tests/test_class.cpp.gcov.html
│   │   │       ├── ./unit_tests/coverage/unit_tests/tests/test_courses.cpp.func-c.html
│   │   │       ├── ./unit_tests/coverage/unit_tests/tests/test_courses.cpp.func.html
│   │   │       ├── ./unit_tests/coverage/unit_tests/tests/test_courses.cpp.gcov.html
│   │   │       ├── ./unit_tests/coverage/unit_tests/tests/test_csv_import.cpp.func-c.html
│   │   │       ├── ./unit_tests/coverage/unit_tests/tests/test_csv_import.cpp.func.html
│   │   │       ├── ./unit_tests/coverage/unit_tests/tests/test_csv_import.cpp.gcov.html
│   │   │       ├── ./unit_tests/coverage/unit_tests/tests/test_date.cpp.func-c.html
│   │   │       ├── ./unit_tests/coverage/unit_tests/tests/test_date.cpp.func.html
│   │   │       ├── ./unit_tests/coverage/unit_tests/tests/test_date.cpp.gcov.html
│   │   │       ├── ./unit_tests/coverage/unit_tests/tests/test_interface.cpp.func-c.html
│   │   │       ├── ./unit_tests/coverage/unit_tests/tests/test_interface.cpp.func.html
│   │   │       ├── ./unit_tests/coverage/unit_tests/tests/test_interface.cpp.gcov.html
│   │   │       ├── ./unit_tests/coverage/unit_tests/tests/test_lecturer.cpp.func-c.html
│   │   │       ├── ./unit_tests/coverage/unit_tests/tests/test_lecturer.cpp.func.html
│   │   │       ├── ./unit_tests/coverage/unit_tests/tests/test_lecturer.cpp.gcov.html
│   │   │       ├── ./unit_tests/coverage/unit_tests/tests/test_scoreboard.cpp.func-c.html
│   │   │       ├── ./unit_tests/coverage/unit_tests/tests/test_scoreboard.cpp.func.html
│   │   │       └── ./unit_tests/coverage/unit_tests/tests/test_scoreboard.cpp.gcov.html
│   │   └── ./unit_tests/coverage/updown.png
│   ├── ./unit_tests/db -> ../Mini-Student-Management-System/db
│   ├── ./unit_tests/demo -> ../Mini-Student-Management-System/demo
│   ├── ./unit_tests/run_tests_with_coverage.sh
│   └── ./unit_tests/tests
│       ├── ./unit_tests/tests/test_all.cpp
│       ├── ./unit_tests/tests/test_attendancelist.cpp
│       ├── ./unit_tests/tests/test_class.cpp
│       ├── ./unit_tests/tests/test_courses.cpp
│       ├── ./unit_tests/tests/test_csv_import.cpp
│       ├── ./unit_tests/tests/test_date.cpp
│       ├── ./unit_tests/tests/test_interface.cpp
│       ├── ./unit_tests/tests/test_lecturer.cpp
│       └── ./unit_tests/tests/test_scoreboard.cpp
└── ./valgrind
    ├── ./valgrind/callgrind
    │   ├── ./valgrind/callgrind/callgrind_annotate_20250319171827.txt
    │   ├── ./valgrind/callgrind/callgrind.out.20250319171827
    │   ├── ./valgrind/callgrind/db -> ../../Mini-Student-Management-System/db
    │   ├── ./valgrind/callgrind/demo -> ../../Mini-Student-Management-System/demo
    │   └── ./valgrind/callgrind/run_callgrind.sh
    └── ./valgrind/memcheck
        ├── ./valgrind/memcheck/db -> ../../Mini-Student-Management-System/db
        ├── ./valgrind/memcheck/demo -> ../../Mini-Student-Management-System/demo
        ├── ./valgrind/memcheck/run_memcheck.sh
        └── ./valgrind/memcheck/valgrind_memcheck_output_20250319171045.txt

24 directories, 146 files
